Temp/gradleOut/launcher/build/intermediates/manifest_merge_blame_file/release/manifest-merger-blame-release-report.txt
1<?xml version="1.0" encoding="utf-8"?>
2<!-- GENERATED BY UNITY. REMOVE THIS COMMENT TO PREVENT OVERWRITING WHEN EXPORTING AGAIN -->
3<manifest xmlns:android="http://schemas.android.com/apk/res/android"
4    package="com.DefaultCompany.Customauthunity"
5    android:installLocation="preferExternal"
6    android:versionCode="1"
7    android:versionName="0.1" >
8
9    <uses-sdk
10        android:minSdkVersion="24"
10-->src\main\AndroidManifest.xml
11        android:targetSdkVersion="30" />
11-->src\main\AndroidManifest.xml
12
13    <supports-screens
13-->src\main\AndroidManifest.xml:4:3-163
14        android:anyDensity="true"
14-->src\main\AndroidManifest.xml:4:135-160
15        android:largeScreens="true"
15-->src\main\AndroidManifest.xml:4:78-105
16        android:normalScreens="true"
16-->src\main\AndroidManifest.xml:4:49-77
17        android:smallScreens="true"
17-->src\main\AndroidManifest.xml:4:21-48
18        android:xlargeScreens="true" />
18-->src\main\AndroidManifest.xml:4:106-134
19
20    <uses-feature android:glEsVersion="0x00020000" />
20-->[:unityLibrary] AndroidManifest.xml:13:5-54
20-->[:unityLibrary] AndroidManifest.xml:13:19-51
21    <uses-feature
21-->[:unityLibrary] AndroidManifest.xml:14:5-16:36
22        android:name="android.hardware.touchscreen"
22-->[:unityLibrary] AndroidManifest.xml:15:9-52
23        android:required="false" />
23-->[:unityLibrary] AndroidManifest.xml:16:9-33
24    <uses-feature
24-->[:unityLibrary] AndroidManifest.xml:17:5-19:36
25        android:name="android.hardware.touchscreen.multitouch"
25-->[:unityLibrary] AndroidManifest.xml:18:9-63
26        android:required="false" />
26-->[:unityLibrary] AndroidManifest.xml:19:9-33
27    <uses-feature
27-->[:unityLibrary] AndroidManifest.xml:20:5-22:36
28        android:name="android.hardware.touchscreen.multitouch.distinct"
28-->[:unityLibrary] AndroidManifest.xml:21:9-72
29        android:required="false" />
29-->[:unityLibrary] AndroidManifest.xml:22:9-33
30
31    <uses-permission android:name="android.permission.INTERNET" />
31-->[:sdk-debug:] AndroidManifest.xml:9:5-67
31-->[:sdk-debug:] AndroidManifest.xml:9:22-64
32
33    <queries>
33-->[:sdk-debug:] AndroidManifest.xml:11:5-15:15
34        <intent>
34-->[:sdk-debug:] AndroidManifest.xml:12:9-14:18
35            <action android:name="android.support.customtabs.action.CustomTabsService" />
35-->[:sdk-debug:] AndroidManifest.xml:13:13-90
35-->[:sdk-debug:] AndroidManifest.xml:13:21-87
36        </intent>
37    </queries>
38
39    <application
39-->src\main\AndroidManifest.xml:5:3-116
40        android:extractNativeLibs="true"
40-->src\main\AndroidManifest.xml:5:16-48
41        android:icon="@mipmap/app_icon"
41-->src\main\AndroidManifest.xml:5:82-113
42        android:label="@string/app_name" >
42-->src\main\AndroidManifest.xml:5:49-81
43        <activity
43-->[:unityLibrary] AndroidManifest.xml:25:9-44:20
44            android:name="com.unity3d.player.UnityPlayerActivity"
44-->[:unityLibrary] AndroidManifest.xml:26:13-66
45            android:configChanges="mcc|mnc|locale|touchscreen|keyboard|keyboardHidden|navigation|orientation|screenLayout|uiMode|screenSize|smallestScreenSize|fontScale|layoutDirection|density"
45-->[:unityLibrary] AndroidManifest.xml:27:13-194
46            android:hardwareAccelerated="false"
46-->[:unityLibrary] AndroidManifest.xml:28:13-48
47            android:launchMode="singleTask"
47-->[:unityLibrary] AndroidManifest.xml:29:13-44
48            android:screenOrientation="fullSensor"
48-->[:unityLibrary] AndroidManifest.xml:30:13-51
49            android:theme="@style/UnityThemeSelector" >
49-->[:unityLibrary] AndroidManifest.xml:31:13-54
50            <intent-filter>
50-->[:unityLibrary] AndroidManifest.xml:32:13-36:29
51                <action android:name="android.intent.action.MAIN" />
51-->[:unityLibrary] AndroidManifest.xml:33:17-69
51-->[:unityLibrary] AndroidManifest.xml:33:25-66
52
53                <category android:name="android.intent.category.LAUNCHER" />
53-->[:unityLibrary] AndroidManifest.xml:35:17-77
53-->[:unityLibrary] AndroidManifest.xml:35:27-74
54            </intent-filter>
55
56            <meta-data
56-->[:unityLibrary] AndroidManifest.xml:38:13-40:40
57                android:name="unityplayer.UnityActivity"
57-->[:unityLibrary] AndroidManifest.xml:39:17-57
58                android:value="true" />
58-->[:unityLibrary] AndroidManifest.xml:40:17-37
59            <meta-data
59-->[:unityLibrary] AndroidManifest.xml:41:13-43:40
60                android:name="android.notch_support"
60-->[:unityLibrary] AndroidManifest.xml:42:17-53
61                android:value="true" />
61-->[:unityLibrary] AndroidManifest.xml:43:17-37
62        </activity>
63
64        <meta-data
64-->[:unityLibrary] AndroidManifest.xml:46:9-48:33
65            android:name="unity.splash-mode"
65-->[:unityLibrary] AndroidManifest.xml:47:13-45
66            android:value="0" />
66-->[:unityLibrary] AndroidManifest.xml:48:13-30
67        <meta-data
67-->[:unityLibrary] AndroidManifest.xml:49:9-51:36
68            android:name="unity.splash-enable"
68-->[:unityLibrary] AndroidManifest.xml:50:13-47
69            android:value="True" />
69-->[:unityLibrary] AndroidManifest.xml:51:13-33
70        <meta-data
70-->[:unityLibrary] AndroidManifest.xml:52:9-54:50
71            android:name="notch.config"
71-->[:unityLibrary] AndroidManifest.xml:53:13-40
72            android:value="portrait|landscape" />
72-->[:unityLibrary] AndroidManifest.xml:54:13-47
73        <meta-data
73-->[:unityLibrary] AndroidManifest.xml:55:9-57:68
74            android:name="unity.build-id"
74-->[:unityLibrary] AndroidManifest.xml:56:13-42
75            android:value="111e73ed-df00-4f63-bf22-9149138be493" />
75-->[:unityLibrary] AndroidManifest.xml:57:13-65
76
77        <activity
77-->[:sdk-debug:] AndroidManifest.xml:18:9-34:20
78            android:name="org.torusresearch.customauth.activity.StartUpActivity"
78-->[:sdk-debug:] AndroidManifest.xml:19:13-81
79            android:exported="true"
79-->[:sdk-debug:] AndroidManifest.xml:20:13-36
80            android:launchMode="singleTop" >
80-->[:sdk-debug:] AndroidManifest.xml:21:13-43
81            <intent-filter>
81-->[:sdk-debug:] AndroidManifest.xml:22:13-33:29
82                <action android:name="android.intent.action.VIEW" />
82-->[:sdk-debug:] AndroidManifest.xml:23:17-69
82-->[:sdk-debug:] AndroidManifest.xml:23:25-66
83
84                <category android:name="android.intent.category.DEFAULT" />
84-->[:sdk-debug:] AndroidManifest.xml:25:17-76
84-->[:sdk-debug:] AndroidManifest.xml:25:27-73
85                <category android:name="android.intent.category.BROWSABLE" />
85-->[:sdk-debug:] AndroidManifest.xml:26:17-78
85-->[:sdk-debug:] AndroidManifest.xml:26:27-75
86
87                <data
87-->[:sdk-debug:] AndroidManifest.xml:28:17-32:49
88                    android:host="org.torusresearch.customauthandroid"
88-->[:sdk-debug:] AndroidManifest.xml:29:21-71
89                    android:pathPattern="/*"
89-->[:sdk-debug:] AndroidManifest.xml:30:21-45
90                    android:pathPrefix="/redirect"
90-->[:sdk-debug:] AndroidManifest.xml:31:21-51
91                    android:scheme="torusapp" />
91-->[:sdk-debug:] AndroidManifest.xml:32:21-46
92            </intent-filter>
93        </activity>
94    </application>
95
96</manifest>